<?xml version="1.0" encoding="UTF-8"?>
<!-- Generated by org.testng.reporters.JUnitXMLReporter -->
<testsuite hostname="Vishals-MacBook-Pro.local" ignored="0" name="create Account Test" tests="1" failures="1" timestamp="2020-05-06T15:52:52 AEST" time="13.225" errors="0">
  <testcase name="createAccountTest" time="12.703" classname="com.avh.Testcases.CreateAccountTest">
    <failure type="java.lang.NullPointerException">
      <![CDATA[java.lang.NullPointerException
at com.avh.Testcases.CreateAccountTest.createAccountTest(CreateAccountTest.java:24)
at java.util.ArrayList.forEach(ArrayList.java:1257)
... Removed 27 stack frames]]>
    </failure>
  </testcase> <!-- createAccountTest -->
</testsuite> <!-- create Account Test -->
