<?xml version="1.0" encoding="UTF-8"?>
<!-- Generated by org.testng.reporters.JUnitXMLReporter -->
<testsuite hostname="Vishals-MacBook-Pro.local" ignored="0" name="Go To Account Test(failed)" tests="1" failures="1" timestamp="2020-05-06T17:30:22 AEST" time="1.124" errors="0">
  <testcase name="goToAccountTest" time="0.013" classname="com.avh.Testcases.GoToAccountTest">
    <failure type="java.lang.Error" message="Unresolved compilation problem: 
	Type mismatch: cannot convert from void to AccountsPage
">
      <![CDATA[java.lang.Error: Unresolved compilation problem: 
Type mismatch: cannot convert from void to AccountsPage

at com.avh.Testcases.GoToAccountTest.goToAccountTest(GoToAccountTest.java:23)
at java.util.ArrayList.forEach(ArrayList.java:1257)
... Removed 27 stack frames]]>
    </failure>
  </testcase> <!-- goToAccountTest -->
</testsuite> <!-- Go To Account Test(failed) -->
